<?xml version="1.0" encoding="UTF-8"?>
<testng-results skipped="0" failed="0" ignored="0" total="3" passed="3">
  <reporter-output>
  </reporter-output>
  <suite name="Suite" duration-ms="20961" started-at="2023-01-20T17:35:09 IST" finished-at="2023-01-20T17:35:30 IST">
    <groups>
      <group name="system">
        <method signature="TC_Bikes_003_Test.openingBikes()[pri:0, instance:bikes.TC_Bikes_003_Test@687080dc]" name="openingBikes" class="bikes.TC_Bikes_003_Test"/>
        <method signature="TC_Bikes_004_Test.openingBikes()[pri:0, instance:bikes.TC_Bikes_004_Test@23d2a7e8]" name="openingBikes" class="bikes.TC_Bikes_004_Test"/>
      </group> <!-- system -->
      <group name="regression">
        <method signature="TC_Bikes_002_Test.openingBikes()[pri:0, instance:bikes.TC_Bikes_002_Test@37d31475]" name="openingBikes" class="bikes.TC_Bikes_002_Test"/>
      </group> <!-- regression -->
      <group name="smoke">
        <method signature="TC_Bikes_004_Test.openingBikes()[pri:0, instance:bikes.TC_Bikes_004_Test@23d2a7e8]" name="openingBikes" class="bikes.TC_Bikes_004_Test"/>
      </group> <!-- smoke -->
    </groups>
    <test name="Test" duration-ms="20961" started-at="2023-01-20T17:35:09 IST" finished-at="2023-01-20T17:35:30 IST">
      <class name="bikes.TC_Bikes_003_Test">
        <test-method status="PASS" signature="openingBikes()[pri:0, instance:bikes.TC_Bikes_003_Test@687080dc]" name="openingBikes" duration-ms="3199" started-at="2023-01-20T17:35:24 IST" finished-at="2023-01-20T17:35:27 IST">
          <reporter-output>
          </reporter-output>
        </test-method> <!-- openingBikes -->
      </class> <!-- bikes.TC_Bikes_003_Test -->
      <class name="bikes.TC_Bikes_002_Test">
        <test-method status="PASS" signature="openingBikes()[pri:0, instance:bikes.TC_Bikes_002_Test@37d31475]" name="openingBikes" duration-ms="14669" started-at="2023-01-20T17:35:09 IST" finished-at="2023-01-20T17:35:24 IST">
          <reporter-output>
          </reporter-output>
        </test-method> <!-- openingBikes -->
      </class> <!-- bikes.TC_Bikes_002_Test -->
      <class name="bikes.TC_Bikes_004_Test">
        <test-method status="PASS" signature="openingBikes()[pri:0, instance:bikes.TC_Bikes_004_Test@23d2a7e8]" name="openingBikes" duration-ms="3051" started-at="2023-01-20T17:35:27 IST" finished-at="2023-01-20T17:35:30 IST">
          <reporter-output>
          </reporter-output>
        </test-method> <!-- openingBikes -->
      </class> <!-- bikes.TC_Bikes_004_Test -->
    </test> <!-- Test -->
  </suite> <!-- Suite -->
</testng-results>
