<?xml version="1.0" encoding="UTF-8"?>
<!-- Generated by org.testng.reporters.JUnitXMLReporter -->
<testsuite hostname="TYSS-Prem" ignored="0" name="Test" tests="3" failures="0" timestamp="2023-01-20T17:35:30 IST" time="20.961" errors="0">
  <testcase name="openingBikes" time="14.669" classname="bikes.TC_Bikes_002_Test"/>
  <testcase name="openingBikes" time="3.199" classname="bikes.TC_Bikes_003_Test"/>
  <testcase name="openingBikes" time="3.051" classname="bikes.TC_Bikes_004_Test"/>
</testsuite> <!-- Test -->
